0 info it worked if it ends with ok
1 verbose cli [ 'C:\\Program Files (x86)\\nodejs\\\\node.exe',
1 verbose cli   'C:\\Program Files (x86)\\nodejs\\node_modules\\npm\\bin\\npm-cli.js',
1 verbose cli   'install',
1 verbose cli   'body-parser',
1 verbose cli   'consolodate',
1 verbose cli   'debug',
1 verbose cli   '--save' ]
2 info using npm@1.4.28
3 info using node@v0.10.32
4 verbose node symlink C:\Program Files (x86)\nodejs\\node.exe
5 warn package.json lab27@1.0.0 No README data
6 verbose readDependencies using package.json deps
7 verbose cache add [ 'body-parser', null ]
8 verbose cache add name=undefined spec="body-parser" args=["body-parser",null]
9 verbose parsed url { protocol: null,
9 verbose parsed url   slashes: null,
9 verbose parsed url   auth: null,
9 verbose parsed url   host: null,
9 verbose parsed url   port: null,
9 verbose parsed url   hostname: null,
9 verbose parsed url   hash: null,
9 verbose parsed url   search: null,
9 verbose parsed url   query: null,
9 verbose parsed url   pathname: 'body-parser',
9 verbose parsed url   path: 'body-parser',
9 verbose parsed url   href: 'body-parser' }
10 verbose cache add [ 'consolodate', null ]
11 verbose cache add name=undefined spec="consolodate" args=["consolodate",null]
12 verbose parsed url { protocol: null,
12 verbose parsed url   slashes: null,
12 verbose parsed url   auth: null,
12 verbose parsed url   host: null,
12 verbose parsed url   port: null,
12 verbose parsed url   hostname: null,
12 verbose parsed url   hash: null,
12 verbose parsed url   search: null,
12 verbose parsed url   query: null,
12 verbose parsed url   pathname: 'consolodate',
12 verbose parsed url   path: 'consolodate',
12 verbose parsed url   href: 'consolodate' }
13 verbose cache add [ 'debug', null ]
14 verbose cache add name=undefined spec="debug" args=["debug",null]
15 verbose parsed url { protocol: null,
15 verbose parsed url   slashes: null,
15 verbose parsed url   auth: null,
15 verbose parsed url   host: null,
15 verbose parsed url   port: null,
15 verbose parsed url   hostname: null,
15 verbose parsed url   hash: null,
15 verbose parsed url   search: null,
15 verbose parsed url   query: null,
15 verbose parsed url   pathname: 'debug',
15 verbose parsed url   path: 'debug',
15 verbose parsed url   href: 'debug' }
16 silly lockFile 14cf125c-body-parser body-parser
17 verbose lock body-parser C:\Users\adminespec\AppData\Roaming\npm-cache\14cf125c-body-parser.lock
18 silly lockFile 3c5e4d3e-consolodate consolodate
19 verbose lock consolodate C:\Users\adminespec\AppData\Roaming\npm-cache\3c5e4d3e-consolodate.lock
20 silly lockFile 32faaeca-debug debug
21 verbose lock debug C:\Users\adminespec\AppData\Roaming\npm-cache\32faaeca-debug.lock
22 silly lockFile 3c5e4d3e-consolodate consolodate
23 silly lockFile 3c5e4d3e-consolodate consolodate
24 silly lockFile 14cf125c-body-parser body-parser
25 silly lockFile 14cf125c-body-parser body-parser
26 silly lockFile 32faaeca-debug debug
27 silly lockFile 32faaeca-debug debug
28 verbose addNamed [ 'consolodate', '' ]
29 verbose addNamed [ null, '*' ]
30 silly lockFile eaf2303f-consolodate consolodate@
31 verbose lock consolodate@ C:\Users\adminespec\AppData\Roaming\npm-cache\eaf2303f-consolodate.lock
32 verbose addNamed [ 'body-parser', '' ]
33 verbose addNamed [ null, '*' ]
34 silly lockFile 9f665704-body-parser body-parser@
35 verbose lock body-parser@ C:\Users\adminespec\AppData\Roaming\npm-cache\9f665704-body-parser.lock
36 verbose addNamed [ 'debug', '' ]
37 verbose addNamed [ null, '*' ]
38 silly lockFile a36d5671-debug debug@
39 verbose lock debug@ C:\Users\adminespec\AppData\Roaming\npm-cache\a36d5671-debug.lock
40 silly addNameRange { name: 'consolodate', range: '*', hasData: false }
41 verbose request where is /consolodate
42 verbose request registry https://registry.npmjs.org/
43 verbose request id a378d951dc32a5d5
44 verbose url raw /consolodate
45 verbose url resolving [ 'https://registry.npmjs.org/', './consolodate' ]
46 verbose url resolved https://registry.npmjs.org/consolodate
47 verbose request where is https://registry.npmjs.org/consolodate
48 info trying registry request attempt 1 at 11:11:03
49 http GET https://registry.npmjs.org/consolodate
50 silly addNameRange { name: 'body-parser', range: '*', hasData: false }
51 silly addNameRange { name: 'debug', range: '*', hasData: false }
52 verbose request where is /debug
53 verbose request registry https://registry.npmjs.org/
54 verbose url raw /debug
55 verbose url resolving [ 'https://registry.npmjs.org/', './debug' ]
56 verbose url resolved https://registry.npmjs.org/debug
57 verbose request where is https://registry.npmjs.org/debug
58 info trying registry request attempt 1 at 11:11:03
59 verbose etag "E0Y9N9YYMROQOUJMWWGXTHYTD"
60 http GET https://registry.npmjs.org/debug
61 verbose request where is /body-parser
62 verbose request registry https://registry.npmjs.org/
63 verbose url raw /body-parser
64 verbose url resolving [ 'https://registry.npmjs.org/', './body-parser' ]
65 verbose url resolved https://registry.npmjs.org/body-parser
66 verbose request where is https://registry.npmjs.org/body-parser
67 info trying registry request attempt 1 at 11:11:03
68 verbose etag "4IFONEC84EE4Q0TS75ZGBCWFC"
69 http GET https://registry.npmjs.org/body-parser
70 http 304 https://registry.npmjs.org/debug
71 silly registry.get cb [ 304,
71 silly registry.get   { date: 'Sat, 25 Apr 2015 16:11:04 GMT',
71 silly registry.get     server: 'Apache',
71 silly registry.get     via: '1.1 varnish',
71 silly registry.get     'last-modified': 'Sat, 25 Apr 2015 16:11:04 GMT',
71 silly registry.get     'cache-control': 'max-age=60',
71 silly registry.get     etag: '"E0Y9N9YYMROQOUJMWWGXTHYTD"',
71 silly registry.get     age: '28',
71 silly registry.get     'x-served-by': 'cache-iad2123-IAD',
71 silly registry.get     'x-cache': 'HIT',
71 silly registry.get     'x-cache-hits': '1',
71 silly registry.get     'x-timer': 'S1429978264.096135,VS0,VE0',
71 silly registry.get     vary: 'Accept',
71 silly registry.get     'content-length': '0',
71 silly registry.get     'keep-alive': 'timeout=10, max=50',
71 silly registry.get     connection: 'Keep-Alive' } ]
72 verbose etag https://registry.npmjs.org/debug from cache
73 silly addNameRange number 2 { name: 'debug', range: '*', hasData: true }
74 silly addNameRange versions [ 'debug',
74 silly addNameRange   [ '0.0.1',
74 silly addNameRange     '0.1.0',
74 silly addNameRange     '0.2.0',
74 silly addNameRange     '0.3.0',
74 silly addNameRange     '0.4.0',
74 silly addNameRange     '0.4.1',
74 silly addNameRange     '0.5.0',
74 silly addNameRange     '0.6.0',
74 silly addNameRange     '0.7.0',
74 silly addNameRange     '0.7.1',
74 silly addNameRange     '0.7.2',
74 silly addNameRange     '0.7.3',
74 silly addNameRange     '0.7.4',
74 silly addNameRange     '0.8.0',
74 silly addNameRange     '0.8.1',
74 silly addNameRange     '1.0.0',
74 silly addNameRange     '1.0.1',
74 silly addNameRange     '1.0.2',
74 silly addNameRange     '1.0.3',
74 silly addNameRange     '1.0.4',
74 silly addNameRange     '2.0.0',
74 silly addNameRange     '2.1.0',
74 silly addNameRange     '2.1.1',
74 silly addNameRange     '2.1.2',
74 silly addNameRange     '2.1.3' ] ]
75 verbose addNamed [ 'debug', '2.1.3' ]
76 verbose addNamed [ '2.1.3', '2.1.3' ]
77 silly lockFile aef7a5b5-debug-2-1-3 debug@2.1.3
78 verbose lock debug@2.1.3 C:\Users\adminespec\AppData\Roaming\npm-cache\aef7a5b5-debug-2-1-3.lock
79 silly lockFile aef7a5b5-debug-2-1-3 debug@2.1.3
80 silly lockFile aef7a5b5-debug-2-1-3 debug@2.1.3
81 silly lockFile a36d5671-debug debug@
82 silly lockFile a36d5671-debug debug@
83 http 404 https://registry.npmjs.org/consolodate
84 verbose headers { date: 'Sat, 25 Apr 2015 16:11:04 GMT',
84 verbose headers   server: 'CouchDB/1.5.0 (Erlang OTP/R16B03)',
84 verbose headers   'content-type': 'application/json',
84 verbose headers   'cache-control': 'max-age=0',
84 verbose headers   'content-length': '51',
84 verbose headers   'accept-ranges': 'bytes',
84 verbose headers   via: '1.1 varnish',
84 verbose headers   age: '0',
84 verbose headers   'x-served-by': 'cache-iad2141-IAD',
84 verbose headers   'x-cache': 'MISS',
84 verbose headers   'x-cache-hits': '0',
84 verbose headers   'x-timer': 'S1429978264.108196,VS0,VE88',
84 verbose headers   'keep-alive': 'timeout=10, max=50',
84 verbose headers   connection: 'Keep-Alive' }
85 silly registry.get cb [ 404,
85 silly registry.get   { date: 'Sat, 25 Apr 2015 16:11:04 GMT',
85 silly registry.get     server: 'CouchDB/1.5.0 (Erlang OTP/R16B03)',
85 silly registry.get     'content-type': 'application/json',
85 silly registry.get     'cache-control': 'max-age=0',
85 silly registry.get     'content-length': '51',
85 silly registry.get     'accept-ranges': 'bytes',
85 silly registry.get     via: '1.1 varnish',
85 silly registry.get     age: '0',
85 silly registry.get     'x-served-by': 'cache-iad2141-IAD',
85 silly registry.get     'x-cache': 'MISS',
85 silly registry.get     'x-cache-hits': '0',
85 silly registry.get     'x-timer': 'S1429978264.108196,VS0,VE88',
85 silly registry.get     'keep-alive': 'timeout=10, max=50',
85 silly registry.get     connection: 'Keep-Alive' } ]
86 silly lockFile eaf2303f-consolodate consolodate@
87 silly lockFile eaf2303f-consolodate consolodate@
88 http 200 https://registry.npmjs.org/body-parser
89 silly registry.get cb [ 200,
89 silly registry.get   { date: 'Sat, 25 Apr 2015 16:11:04 GMT',
89 silly registry.get     server: 'CouchDB/1.5.0 (Erlang OTP/R16B03)',
89 silly registry.get     etag: '"4G98EU7AUYVB9BCPCY2CI2RYD"',
89 silly registry.get     'content-type': 'application/json',
89 silly registry.get     'cache-control': 'max-age=60',
89 silly registry.get     'content-length': '95465',
89 silly registry.get     'accept-ranges': 'bytes',
89 silly registry.get     via: '1.1 varnish',
89 silly registry.get     age: '57',
89 silly registry.get     'x-served-by': 'cache-iad2129-IAD',
89 silly registry.get     'x-cache': 'HIT',
89 silly registry.get     'x-cache-hits': '1',
89 silly registry.get     'x-timer': 'S1429978264.132202,VS0,VE1',
89 silly registry.get     vary: 'Accept',
89 silly registry.get     'keep-alive': 'timeout=10, max=50',
89 silly registry.get     connection: 'Keep-Alive' } ]
90 silly addNameRange number 2 { name: 'body-parser', range: '*', hasData: true }
91 silly addNameRange versions [ 'body-parser',
91 silly addNameRange   [ '1.0.0',
91 silly addNameRange     '1.0.1',
91 silly addNameRange     '1.0.2',
91 silly addNameRange     '1.1.0',
91 silly addNameRange     '1.1.1',
91 silly addNameRange     '1.1.2',
91 silly addNameRange     '1.2.0',
91 silly addNameRange     '1.2.1',
91 silly addNameRange     '1.2.2',
91 silly addNameRange     '1.3.0',
91 silly addNameRange     '1.3.1',
91 silly addNameRange     '1.4.0',
91 silly addNameRange     '1.4.1',
91 silly addNameRange     '1.4.2',
91 silly addNameRange     '1.4.3',
91 silly addNameRange     '1.5.0',
91 silly addNameRange     '1.5.1',
91 silly addNameRange     '1.5.2',
91 silly addNameRange     '1.6.0',
91 silly addNameRange     '1.6.1',
91 silly addNameRange     '1.6.2',
91 silly addNameRange     '1.6.3',
91 silly addNameRange     '1.6.4',
91 silly addNameRange     '1.6.5',
91 silly addNameRange     '1.6.6',
91 silly addNameRange     '1.6.7',
91 silly addNameRange     '1.7.0',
91 silly addNameRange     '1.8.0',
91 silly addNameRange     '1.8.1',
91 silly addNameRange     '1.8.2',
91 silly addNameRange     '1.8.3',
91 silly addNameRange     '1.8.4',
91 silly addNameRange     '1.9.0',
91 silly addNameRange     '1.9.1',
91 silly addNameRange     '1.9.2',
91 silly addNameRange     '1.9.3',
91 silly addNameRange     '1.10.0',
91 silly addNameRange     '1.10.1',
91 silly addNameRange     '1.10.2',
91 silly addNameRange     '1.11.0',
91 silly addNameRange     '1.12.0',
91 silly addNameRange     '1.12.1',
91 silly addNameRange     '1.12.2',
91 silly addNameRange     '1.12.3' ] ]
92 verbose addNamed [ 'body-parser', '1.12.3' ]
93 verbose addNamed [ '1.12.3', '1.12.3' ]
94 silly lockFile 8155d77e-body-parser-1-12-3 body-parser@1.12.3
95 verbose lock body-parser@1.12.3 C:\Users\adminespec\AppData\Roaming\npm-cache\8155d77e-body-parser-1-12-3.lock
96 silly lockFile b3fe3611-dy-parser-body-parser-1-12-3-tgz https://registry.npmjs.org/body-parser/-/body-parser-1.12.3.tgz
97 verbose lock https://registry.npmjs.org/body-parser/-/body-parser-1.12.3.tgz C:\Users\adminespec\AppData\Roaming\npm-cache\b3fe3611-dy-parser-body-parser-1-12-3-tgz.lock
98 verbose addRemoteTarball [ 'https://registry.npmjs.org/body-parser/-/body-parser-1.12.3.tgz',
98 verbose addRemoteTarball   '5f40bf17e7823be6895d4d35582752e36cf97f71' ]
99 info retry fetch attempt 1 at 11:11:04
100 verbose fetch to= C:\Users\ADMINE~1\AppData\Local\Temp\npm-3780-H9z65k2g\registry.npmjs.org\body-parser\-\body-parser-1.12.3.tgz
101 http GET https://registry.npmjs.org/body-parser/-/body-parser-1.12.3.tgz
102 http 200 https://registry.npmjs.org/body-parser/-/body-parser-1.12.3.tgz
103 silly lockFile b3fe3611-dy-parser-body-parser-1-12-3-tgz https://registry.npmjs.org/body-parser/-/body-parser-1.12.3.tgz
104 silly lockFile b3fe3611-dy-parser-body-parser-1-12-3-tgz https://registry.npmjs.org/body-parser/-/body-parser-1.12.3.tgz
105 silly lockFile 8155d77e-body-parser-1-12-3 body-parser@1.12.3
106 silly lockFile 8155d77e-body-parser-1-12-3 body-parser@1.12.3
107 silly lockFile 9f665704-body-parser body-parser@
108 silly lockFile 9f665704-body-parser body-parser@
109 error 404 404 Not Found: consolodate
109 error 404
109 error 404 'consolodate' is not in the npm registry.
109 error 404 You should bug the author to publish it
109 error 404 It was specified as a dependency of 'lab27'
109 error 404
109 error 404 Note that you can also install from a
109 error 404 tarball, folder, or http url, or git url.
110 error System Windows_NT 6.1.7601
111 error command "C:\\Program Files (x86)\\nodejs\\\\node.exe" "C:\\Program Files (x86)\\nodejs\\node_modules\\npm\\bin\\npm-cli.js" "install" "body-parser" "consolodate" "debug" "--save"
112 error cwd C:\wamp\www\lab27
113 error node -v v0.10.32
114 error npm -v 1.4.28
115 error code E404
116 verbose exit [ 1, true ]
